<?xml version="1.0" encoding="UTF-8"?>
<!-- Generated by org.testng.reporters.JUnitXMLReporter -->
<testsuite ignored="3" hostname="DESKTOP-EQ3I3U4" failures="0" tests="2" name="Test" time="0.056" errors="0" timestamp="2023-06-14T11:31:51 IST">
  <testcase classname="Automation.SeleniumProject.TestNGAnnotations" name="TestCase1" time="0.006"/>
  <testcase classname="Automation.SeleniumProject.TestNGAnnotations" name="TestCase3" time="0.006"/>
  <testcase classname="Automation.SeleniumProject.TestNGAnnotations" name="TestCase4" time="0.0">
    <ignored/>
  </testcase> <!-- TestCase4 -->
  <testcase classname="Automation.SeleniumProject.TestNGAnnotations" name="TestCase2" time="0.0">
    <ignored/>
  </testcase> <!-- TestCase2 -->
  <testcase classname="Automation.SeleniumProject.TestNGAnnotations" name="ATestCase" time="0.0">
    <ignored/>
  </testcase> <!-- ATestCase -->
</testsuite> <!-- Test -->
