<?xml version="1.0" encoding="UTF-8"?>
<!-- Generated by org.testng.reporters.JUnitXMLReporter -->
<testsuite ignored="0" hostname="DESKTOP-EQ3I3U4" failures="0" tests="6" name="Test" time="121.004" errors="0" timestamp="2023-06-14T11:54:42 IST">
  <testcase classname="RegressionTestCases.TestCase3" name="TestCaseMethod3" time="37.021"/>
  <testcase classname="RegressionTestCases.TestCase6" name="TestCaseMethod6" time="37.191"/>
  <testcase classname="RegressionTestCases.TestCase1" name="TestCaseMethod1" time="37.206"/>
  <testcase classname="RegressionTestCases.TestCase4" name="TestCaseMethod4" time="37.853"/>
  <testcase classname="RegressionTestCases.TestCase2" name="TestCaseMethod2" time="41.74"/>
  <testcase classname="RegressionTestCases.TestCase5" name="TestCaseMethod5" time="120.958"/>
</testsuite> <!-- Test -->
