<?xml version="1.0" encoding="UTF-8"?>
<!-- Generated by org.testng.reporters.JUnitXMLReporter -->
<testsuite ignored="0" hostname="DESKTOP-EQ3I3U4" failures="0" tests="6" name="Test" time="74.539" errors="0" timestamp="2023-06-14T11:42:39 IST">
  <testcase classname="RegressionTestCases.TestCase6" name="TestCaseMethod6" time="10.923"/>
  <testcase classname="RegressionTestCases.TestCase3" name="TestCaseMethod3" time="3.078"/>
  <testcase classname="RegressionTestCases.TestCase2" name="TestCaseMethod2" time="3.803"/>
  <testcase classname="RegressionTestCases.TestCase5" name="TestCaseMethod5" time="4.052"/>
  <testcase classname="RegressionTestCases.TestCase4" name="TestCaseMethod4" time="19.142"/>
  <testcase classname="RegressionTestCases.TestCase1" name="TestCaseMethod1" time="10.243"/>
</testsuite> <!-- Test -->
