<?xml version="1.0" encoding="UTF-8"?>
<!-- Generated by org.testng.reporters.JUnitXMLReporter -->
<testsuite ignored="0" hostname="DESKTOP-EQ3I3U4" failures="0" tests="3" name="Test" time="11.914" errors="0" timestamp="2023-06-14T11:37:45 IST">
  <testcase classname="Automation.SeleniumProject.GoogleLoginTest" name="LeaveTabTest" time="3.737"/>
  <testcase classname="Automation.SeleniumProject.GoogleLoginTest" name="PerformanceTabTest" time="1.279"/>
  <testcase classname="Automation.SeleniumProject.GoogleLoginTest" name="RecruitmentTabTest" time="1.044"/>
</testsuite> <!-- Test -->
